Drill report for exModule.kicad_pcb
Created on 2023/7/5 0:08:28

Copper Layer Stackup:
    =============================================================
    L1 :  F.Cu                      front
    L2 :  B.Cu                      back


Drill file 'exModule-PTH.drl' contains
    plated through holes:
    =============================================================
    T1  0.400mm  0.0157"  (1 hole)
    T2  0.500mm  0.0197"  (1 hole)
    T3  0.762mm  0.0300"  (4 holes)
    T4  0.800mm  0.0315"  (4 holes)
    T5  1.000mm  0.0394"  (32 holes)
    T6  1.500mm  0.0591"  (4 holes)
    T7  2.500mm  0.0984"  (4 holes)

    Total plated holes count 50


Drill file 'exModule-NPTH.drl' contains
    unplated through holes:
    =============================================================
    T1  4.000mm  0.1575"  (2 holes)

    Total unplated holes count 2
