Drill report for exMoudle.kicad_pcb
Created on 2023/7/6 9:20:00

Copper Layer Stackup:
    =============================================================
    L1 :  F.Cu                      front
    L2 :  B.Cu                      back


Drill file 'exMoudle-PTH.drl' contains
    plated through holes:
    =============================================================
    T1  0.400mm  0.0157"  (7 holes)
    T2  0.800mm  0.0315"  (8 holes)
    T3  1.000mm  0.0394"  (41 holes)
    T4  1.500mm  0.0591"  (24 holes)
    T5  2.500mm  0.0984"  (1 hole)
    T6  3.000mm  0.1181"  (4 holes)
    T7  3.500mm  0.1378"  (2 holes)
    T8  8.000mm  0.3150"  (1 hole)

    Total plated holes count 88


Drill file 'exMoudle-NPTH.drl' contains
    unplated through holes:
    =============================================================
    T1  4.000mm  0.1575"  (12 holes)

    Total unplated holes count 12
